<?xml version="1.0" encoding="UTF-8"?>
<!-- Generated by org.testng.reporters.JUnitXMLReporter -->
<testsuite hostname="LPCL-CWJD8R1" name="Test" tests="1" failures="0" timestamp="9 Jul 2018 14:16:20 GMT" time="52.487" errors="0">
  <testcase name="@BeforeTest setup" time="0.0" classname="pkg.Test99GuruLogin">
    <failure type="org.openqa.selenium.WebDriverException" message="Failed to connect to binary FirefoxBinary(C:\Program Files (x86)\Mozilla Firefox\firefox.exe) on port 7055; process output follows: 
trap method startup on followonsearch@mozilla.com version 0.9.7
1531145740862	addons.xpi	DEBUG	Registering manifest for C:\Program Files (x86)\Mozilla Firefox\browser\features\formautofill@mozilla.org.xpi
1531145740864	addons.xpi	DEBUG	Calling bootstrap method startup on formautofill@mozilla.org version 1.0
1531145740866	addons.xpi	DEBUG	Registering manifest for C:\Program Files (x86)\Mozilla Firefox\browser\features\onboarding@mozilla.org.xpi
1531145740868	addons.xpi	DEBUG	Calling bootstrap method startup on onboarding@mozilla.org version 1.0
1531145740869	addons.xpi	DEBUG	Registering manifest for C:\Program Files (x86)\Mozilla Firefox\browser\features\screenshots@mozilla.org.xpi
1531145740871	addons.xpi	DEBUG	Calling bootstrap method startup on screenshots@mozilla.org version 32.1.0
1531145740871	addons.xpi	DEBUG	Registering manifest for C:\Program Files (x86)\Mozilla Firefox\browser\features\webcompat-reporter@mozilla.org.xpi
1531145740873	addons.xpi	DEBUG	Calling bootstrap method startup on webcompat-reporter@mozilla.org version 1.0.0
1531145740874	addons.xpi	DEBUG	Registering manifest for C:\Program Files (x86)\Mozilla Firefox\browser\features\webcompat@mozilla.org.xpi
1531145740893	addons.xpi	DEBUG	Calling bootstrap method startup on webcompat@mozilla.org version 2.0
1531145740902	addons.manager	DEBUG	Registering shutdown blocker for XPIProvider
1531145740902	addons.manager	DEBUG	Provider finished startup: XPIProvider
1531145740902	addons.manager	DEBUG	Starting provider: LightweightThemeManager
1531145740902	addons.manager	DEBUG	Registering shutdown blocker for LightweightThemeManager
1531145740902	addons.manager	DEBUG	Provider finished startup: LightweightThemeManager
1531145740903	addons.manager	DEBUG	Starting provider: GMPProvider
1531145740906	addons.manager	DEBUG	Registering shutdown blocker for GMPProvider
1531145740907	addons.manager	DEBUG	Provider finished startup: GMPProvider
1531145740907	addons.manager	DEBUG	Starting provider: PluginProvider
1531145740907	addons.manager	DEBUG	Registering shutdown blocker for PluginProvider
1531145740907	addons.manager	DEBUG	Provider finished startup: PluginProvider
1531145740927	addons.manager	DEBUG	Completed startup sequence
1531145751125	addons.repository	DEBUG	No addons.json found.
1531145759840	addons.xpi	DEBUG	Ignoring file entry whose name is not a valid add-on ID: C:\Users\mohit.g\AppData\Local\Temp\anonymous7049120735104305578webdriver-profile\extensions\webdriver-staging
1531145759842	addons.xpi	DEBUG	Existing add-on activity-stream@mozilla.org in app-system-defaults
1531145759843	addons.xpi	DEBUG	Existing add-on aushelper@mozilla.org in app-system-defaults
1531145759844	addons.xpi	DEBUG	Existing add-on firefox@getpocket.com in app-system-defaults
1531145759845	addons.xpi	DEBUG	Existing add-on followonsearch@mozilla.com in app-system-defaults
1531145759846	addons.xpi	DEBUG	Existing add-on formautofill@mozilla.org in app-system-defaults
1531145759847	addons.xpi	DEBUG	Existing add-on onboarding@mozilla.org in app-system-defaults
1531145759847	addons.xpi	DEBUG	Existing add-on screenshots@mozilla.org in app-system-defaults
1531145759848	addons.xpi	DEBUG	Existing add-on webcompat-reporter@mozilla.org in app-system-defaults
1531145759849	addons.xpi	DEBUG	Existing add-on webcompat@mozilla.org in app-system-defaults
1531145759850	addons.xpi	DEBUG	Existing add-on {cb40da56-497a-4add-955d-3377cae4c33b} in winreg-app-global
1531145759851	addons.xpi	DEBUG	getInstallState changed: false, state: {}
Unable to read VR Path Registry from C:\Users\mohit.g\AppData\Local\openvr\openvrpaths.vrpath
JavaScript error: resource://gre/modules/addons/XPIProvider.jsm, line 2189: TypeError: addon is null
Unable to read VR Path Registry from C:\Users\mohit.g\AppData\Local\openvr\openvrpaths.vrpath
[Child 9800, Chrome_ChildThread] WARNING: pipe error: 109: file z:/build/build/src/ipc/chromium/src/chrome/common/ipc_channel_win.cc, line 346
[Parent 1764, Gecko_IOThread] WARNING: file z:/build/build/src/ipc/chromium/src/base/process_util_win.cc, line 188

Build info: version: &amp;apos;2.48.2&amp;apos;, revision: &amp;apos;41bccdd&amp;apos;, time: &amp;apos;2015-10-09 19:55:52&amp;apos;
System info: host: &amp;apos;LPCL-CWJD8R1&amp;apos;, ip: &amp;apos;172.16.4.119&amp;apos;, os.name: &amp;apos;Windows 7&amp;apos;, os.arch: &amp;apos;amd64&amp;apos;, os.version: &amp;apos;6.1&amp;apos;, java.version: &amp;apos;1.8.0_171&amp;apos;
Driver info: driver.version: FirefoxDriver">
      <![CDATA[org.openqa.selenium.WebDriverException: Failed to connect to binary FirefoxBinary(C:\Program Files (x86)\Mozilla Firefox\firefox.exe) on port 7055; process output follows: 
trap method startup on followonsearch@mozilla.com version 0.9.7
1531145740862	addons.xpi	DEBUG	Registering manifest for C:\Program Files (x86)\Mozilla Firefox\browser\features\formautofill@mozilla.org.xpi
1531145740864	addons.xpi	DEBUG	Calling bootstrap method startup on formautofill@mozilla.org version 1.0
1531145740866	addons.xpi	DEBUG	Registering manifest for C:\Program Files (x86)\Mozilla Firefox\browser\features\onboarding@mozilla.org.xpi
1531145740868	addons.xpi	DEBUG	Calling bootstrap method startup on onboarding@mozilla.org version 1.0
1531145740869	addons.xpi	DEBUG	Registering manifest for C:\Program Files (x86)\Mozilla Firefox\browser\features\screenshots@mozilla.org.xpi
1531145740871	addons.xpi	DEBUG	Calling bootstrap method startup on screenshots@mozilla.org version 32.1.0
1531145740871	addons.xpi	DEBUG	Registering manifest for C:\Program Files (x86)\Mozilla Firefox\browser\features\webcompat-reporter@mozilla.org.xpi
1531145740873	addons.xpi	DEBUG	Calling bootstrap method startup on webcompat-reporter@mozilla.org version 1.0.0
1531145740874	addons.xpi	DEBUG	Registering manifest for C:\Program Files (x86)\Mozilla Firefox\browser\features\webcompat@mozilla.org.xpi
1531145740893	addons.xpi	DEBUG	Calling bootstrap method startup on webcompat@mozilla.org version 2.0
1531145740902	addons.manager	DEBUG	Registering shutdown blocker for XPIProvider
1531145740902	addons.manager	DEBUG	Provider finished startup: XPIProvider
1531145740902	addons.manager	DEBUG	Starting provider: LightweightThemeManager
1531145740902	addons.manager	DEBUG	Registering shutdown blocker for LightweightThemeManager
1531145740902	addons.manager	DEBUG	Provider finished startup: LightweightThemeManager
1531145740903	addons.manager	DEBUG	Starting provider: GMPProvider
1531145740906	addons.manager	DEBUG	Registering shutdown blocker for GMPProvider
1531145740907	addons.manager	DEBUG	Provider finished startup: GMPProvider
1531145740907	addons.manager	DEBUG	Starting provider: PluginProvider
1531145740907	addons.manager	DEBUG	Registering shutdown blocker for PluginProvider
1531145740907	addons.manager	DEBUG	Provider finished startup: PluginProvider
1531145740927	addons.manager	DEBUG	Completed startup sequence
1531145751125	addons.repository	DEBUG	No addons.json found.
1531145759840	addons.xpi	DEBUG	Ignoring file entry whose name is not a valid add-on ID: C:\Users\mohit.g\AppData\Local\Temp\anonymous7049120735104305578webdriver-profile\extensions\webdriver-staging
1531145759842	addons.xpi	DEBUG	Existing add-on activity-stream@mozilla.org in app-system-defaults
1531145759843	addons.xpi	DEBUG	Existing add-on aushelper@mozilla.org in app-system-defaults
1531145759844	addons.xpi	DEBUG	Existing add-on firefox@getpocket.com in app-system-defaults
1531145759845	addons.xpi	DEBUG	Existing add-on followonsearch@mozilla.com in app-system-defaults
1531145759846	addons.xpi	DEBUG	Existing add-on formautofill@mozilla.org in app-system-defaults
1531145759847	addons.xpi	DEBUG	Existing add-on onboarding@mozilla.org in app-system-defaults
1531145759847	addons.xpi	DEBUG	Existing add-on screenshots@mozilla.org in app-system-defaults
1531145759848	addons.xpi	DEBUG	Existing add-on webcompat-reporter@mozilla.org in app-system-defaults
1531145759849	addons.xpi	DEBUG	Existing add-on webcompat@mozilla.org in app-system-defaults
1531145759850	addons.xpi	DEBUG	Existing add-on {cb40da56-497a-4add-955d-3377cae4c33b} in winreg-app-global
1531145759851	addons.xpi	DEBUG	getInstallState changed: false, state: {}
Unable to read VR Path Registry from C:\Users\mohit.g\AppData\Local\openvr\openvrpaths.vrpath
JavaScript error: resource://gre/modules/addons/XPIProvider.jsm, line 2189: TypeError: addon is null
Unable to read VR Path Registry from C:\Users\mohit.g\AppData\Local\openvr\openvrpaths.vrpath
[Child 9800, Chrome_ChildThread] WARNING: pipe error: 109: file z:/build/build/src/ipc/chromium/src/chrome/common/ipc_channel_win.cc, line 346
[Parent 1764, Gecko_IOThread] WARNING: file z:/build/build/src/ipc/chromium/src/base/process_util_win.cc, line 188

Build info: version: '2.48.2', revision: '41bccdd', time: '2015-10-09 19:55:52'
System info: host: 'LPCL-CWJD8R1', ip: '172.16.4.119', os.name: 'Windows 7', os.arch: 'amd64', os.version: '6.1', java.version: '1.8.0_171'
Driver info: driver.version: FirefoxDriver
	at org.openqa.selenium.firefox.internal.NewProfileExtensionConnection.start(NewProfileExtensionConnection.java:134)
	at org.openqa.selenium.firefox.FirefoxDriver.startClient(FirefoxDriver.java:271)
	at org.openqa.selenium.remote.RemoteWebDriver.<init>(RemoteWebDriver.java:117)
	at org.openqa.selenium.firefox.FirefoxDriver.<init>(FirefoxDriver.java:218)
	at org.openqa.selenium.firefox.FirefoxDriver.<init>(FirefoxDriver.java:211)
	at org.openqa.selenium.firefox.FirefoxDriver.<init>(FirefoxDriver.java:207)
	at org.openqa.selenium.firefox.FirefoxDriver.<init>(FirefoxDriver.java:120)
	at pkg.Test99GuruLogin.setup(Test99GuruLogin.java:29)
Caused by: org.openqa.selenium.firefox.NotConnectedException: Unable to connect to host 127.0.0.1 on port 7055 after 45000 ms. Firefox console output:
trap method startup on followonsearch@mozilla.com version 0.9.7
1531145740862	addons.xpi	DEBUG	Registering manifest for C:\Program Files (x86)\Mozilla Firefox\browser\features\formautofill@mozilla.org.xpi
1531145740864	addons.xpi	DEBUG	Calling bootstrap method startup on formautofill@mozilla.org version 1.0
1531145740866	addons.xpi	DEBUG	Registering manifest for C:\Program Files (x86)\Mozilla Firefox\browser\features\onboarding@mozilla.org.xpi
1531145740868	addons.xpi	DEBUG	Calling bootstrap method startup on onboarding@mozilla.org version 1.0
1531145740869	addons.xpi	DEBUG	Registering manifest for C:\Program Files (x86)\Mozilla Firefox\browser\features\screenshots@mozilla.org.xpi
1531145740871	addons.xpi	DEBUG	Calling bootstrap method startup on screenshots@mozilla.org version 32.1.0
1531145740871	addons.xpi	DEBUG	Registering manifest for C:\Program Files (x86)\Mozilla Firefox\browser\features\webcompat-reporter@mozilla.org.xpi
1531145740873	addons.xpi	DEBUG	Calling bootstrap method startup on webcompat-reporter@mozilla.org version 1.0.0
1531145740874	addons.xpi	DEBUG	Registering manifest for C:\Program Files (x86)\Mozilla Firefox\browser\features\webcompat@mozilla.org.xpi
1531145740893	addons.xpi	DEBUG	Calling bootstrap method startup on webcompat@mozilla.org version 2.0
1531145740902	addons.manager	DEBUG	Registering shutdown blocker for XPIProvider
1531145740902	addons.manager	DEBUG	Provider finished startup: XPIProvider
1531145740902	addons.manager	DEBUG	Starting provider: LightweightThemeManager
1531145740902	addons.manager	DEBUG	Registering shutdown blocker for LightweightThemeManager
1531145740902	addons.manager	DEBUG	Provider finished startup: LightweightThemeManager
1531145740903	addons.manager	DEBUG	Starting provider: GMPProvider
1531145740906	addons.manager	DEBUG	Registering shutdown blocker for GMPProvider
1531145740907	addons.manager	DEBUG	Provider finished startup: GMPProvider
1531145740907	addons.manager	DEBUG	Starting provider: PluginProvider
1531145740907	addons.manager	DEBUG	Registering shutdown blocker for PluginProvider
1531145740907	addons.manager	DEBUG	Provider finished startup: PluginProvider
1531145740927	addons.manager	DEBUG	Completed startup sequence
1531145751125	addons.repository	DEBUG	No addons.json found.
1531145759840	addons.xpi	DEBUG	Ignoring file entry whose name is not a valid add-on ID: C:\Users\mohit.g\AppData\Local\Temp\anonymous7049120735104305578webdriver-profile\extensions\webdriver-staging
1531145759842	addons.xpi	DEBUG	Existing add-on activity-stream@mozilla.org in app-system-defaults
1531145759843	addons.xpi	DEBUG	Existing add-on aushelper@mozilla.org in app-system-defaults
1531145759844	addons.xpi	DEBUG	Existing add-on firefox@getpocket.com in app-system-defaults
1531145759845	addons.xpi	DEBUG	Existing add-on followonsearch@mozilla.com in app-system-defaults
1531145759846	addons.xpi	DEBUG	Existing add-on formautofill@mozilla.org in app-system-defaults
1531145759847	addons.xpi	DEBUG	Existing add-on onboarding@mozilla.org in app-system-defaults
1531145759847	addons.xpi	DEBUG	Existing add-on screenshots@mozilla.org in app-system-defaults
1531145759848	addons.xpi	DEBUG	Existing add-on webcompat-reporter@mozilla.org in app-system-defaults
1531145759849	addons.xpi	DEBUG	Existing add-on webcompat@mozilla.org in app-system-defaults
1531145759850	addons.xpi	DEBUG	Existing add-on {cb40da56-497a-4add-955d-3377cae4c33b} in winreg-app-global
1531145759851	addons.xpi	DEBUG	getInstallState changed: false, state: {}
Unable to read VR Path Registry from C:\Users\mohit.g\AppData\Local\openvr\openvrpaths.vrpath
JavaScript error: resource://gre/modules/addons/XPIProvider.jsm, line 2189: TypeError: addon is null
Unable to read VR Path Registry from C:\Users\mohit.g\AppData\Local\openvr\openvrpaths.vrpath
[Child 9800, Chrome_ChildThread] WARNING: pipe error: 109: file z:/build/build/src/ipc/chromium/src/chrome/common/ipc_channel_win.cc, line 346
[Parent 1764, Gecko_IOThread] WARNING: file z:/build/build/src/ipc/chromium/src/base/process_util_win.cc, line 188

	at org.openqa.selenium.firefox.internal.NewProfileExtensionConnection.start(NewProfileExtensionConnection.java:122)
	... 29 more
... Removed 22 stack frames]]>
    </failure>
  </testcase> <!-- @BeforeTest setup -->
  <testcase name="test_Home_Page_Appear_Correct" time="0.0" classname="pkg.Test99GuruLogin">
    <skipped/>
  </testcase> <!-- test_Home_Page_Appear_Correct -->
</testsuite> <!-- Test -->
